app/build/intermediates/manifest_merge_blame_file/debug/manifest-merger-blame-debug-report.txt
1<?xml version="1.0" encoding="utf-8"?>
2<manifest xmlns:android="http://schemas.android.com/apk/res/android"
3    package="com.itsanubhav.bletester"
4    android:versionCode="1"
5    android:versionName="1.0" >
6
7    <uses-sdk
8        android:minSdkVersion="21"
8-->src\main\AndroidManifest.xml
9        android:targetSdkVersion="32" />
9-->src\main\AndroidManifest.xml
10
11    <uses-permission android:name="android.permission.ACCESS_COARSE_LOCATION" />
11-->src\main\AndroidManifest.xml:6:5-80
11-->src\main\AndroidManifest.xml:6:22-78
12    <uses-permission android:name="android.permission.ACCESS_FINE_LOCATION" />
12-->src\main\AndroidManifest.xml:7:5-78
12-->src\main\AndroidManifest.xml:7:22-76
13    <uses-permission
13-->src\main\AndroidManifest.xml:8:5-67
14        android:name="android.permission.BLUETOOTH"
14-->src\main\AndroidManifest.xml:8:22-65
15        android:maxSdkVersion="30" />
15-->[no.nordicsemi.android.support.v18:scanner:1.6.0] AndroidManifest.xml:16:9-35
16    <uses-permission android:name="android.permission.BLUETOOTH_CONNECT" />
16-->src\main\AndroidManifest.xml:9:5-75
16-->src\main\AndroidManifest.xml:9:22-73
17    <uses-permission android:name="android.permission.BLUETOOTH_SCAN" />
17-->src\main\AndroidManifest.xml:10:5-72
17-->src\main\AndroidManifest.xml:10:22-70
18    <uses-permission
18-->[blazelibrary-release.aar] AndroidManifest.xml:9:5-74
19        android:name="android.permission.BLUETOOTH_ADMIN"
19-->[blazelibrary-release.aar] AndroidManifest.xml:9:22-71
20        android:maxSdkVersion="30" />
20-->[no.nordicsemi.android.support.v18:scanner:1.6.0] AndroidManifest.xml:19:9-35
21    <uses-permission android:name="android.permission.WRITE_EXTERNAL_STORAGE" />
21-->[blazelibrary-release.aar] AndroidManifest.xml:11:5-81
21-->[blazelibrary-release.aar] AndroidManifest.xml:11:22-78
22    <uses-permission android:name="android.permission.INTERNET" />
22-->[blazelibrary-release.aar] AndroidManifest.xml:12:5-67
22-->[blazelibrary-release.aar] AndroidManifest.xml:12:22-64
23    <uses-permission android:name="android.permission.READ_EXTERNAL_STORAGE" />
24    <uses-permission android:name="android.permission.WAKE_LOCK" />
24-->[androidx.work:work-runtime:2.7.1] AndroidManifest.xml:25:5-68
24-->[androidx.work:work-runtime:2.7.1] AndroidManifest.xml:25:22-65
25    <uses-permission android:name="android.permission.ACCESS_NETWORK_STATE" />
25-->[androidx.work:work-runtime:2.7.1] AndroidManifest.xml:26:5-79
25-->[androidx.work:work-runtime:2.7.1] AndroidManifest.xml:26:22-76
26    <uses-permission android:name="android.permission.RECEIVE_BOOT_COMPLETED" />
26-->[androidx.work:work-runtime:2.7.1] AndroidManifest.xml:27:5-81
26-->[androidx.work:work-runtime:2.7.1] AndroidManifest.xml:27:22-78
27    <uses-permission android:name="android.permission.FOREGROUND_SERVICE" />
27-->[androidx.work:work-runtime:2.7.1] AndroidManifest.xml:28:5-77
27-->[androidx.work:work-runtime:2.7.1] AndroidManifest.xml:28:22-74
28
29    <application
29-->src\main\AndroidManifest.xml:12:5-36:19
30        android:name="com.itsanubhav.bletester.MainApplication"
30-->src\main\AndroidManifest.xml:18:9-40
31        android:allowBackup="true"
31-->src\main\AndroidManifest.xml:13:9-35
32        android:appComponentFactory="androidx.core.app.CoreComponentFactory"
32-->[androidx.core:core:1.8.0] AndroidManifest.xml:24:18-86
33        android:dataExtractionRules="@xml/data_extraction_rules"
33-->src\main\AndroidManifest.xml:14:9-65
34        android:debuggable="true"
35        android:fullBackupContent="@xml/backup_rules"
35-->src\main\AndroidManifest.xml:15:9-54
36        android:icon="@mipmap/ic_launcher"
36-->src\main\AndroidManifest.xml:16:9-43
37        android:label="@string/app_name"
37-->src\main\AndroidManifest.xml:17:9-41
38        android:roundIcon="@drawable/ic_launcher_foreground"
38-->src\main\AndroidManifest.xml:19:9-61
39        android:supportsRtl="true"
39-->src\main\AndroidManifest.xml:20:9-35
40        android:testOnly="true"
41        android:theme="@style/Theme.BleTester"
41-->src\main\AndroidManifest.xml:21:9-47
42        android:usesCleartextTraffic="true" >
42-->[blazelibrary-release.aar] AndroidManifest.xml:14:18-53
43        <activity
43-->src\main\AndroidManifest.xml:23:9-32:20
44            android:name="com.itsanubhav.bletester.ScannerActivity"
44-->src\main\AndroidManifest.xml:24:13-44
45            android:exported="true"
45-->src\main\AndroidManifest.xml:25:13-36
46            android:theme="@style/Theme.BleTester.NoActionBar" >
46-->src\main\AndroidManifest.xml:26:13-63
47            <intent-filter>
47-->src\main\AndroidManifest.xml:27:13-31:29
48                <action android:name="android.intent.action.MAIN" />
48-->src\main\AndroidManifest.xml:28:17-69
48-->src\main\AndroidManifest.xml:28:25-66
49
50                <category android:name="android.intent.category.LAUNCHER" />
50-->src\main\AndroidManifest.xml:30:17-77
50-->src\main\AndroidManifest.xml:30:27-74
51            </intent-filter>
52        </activity>
53        <activity
53-->src\main\AndroidManifest.xml:33:9-35:40
54            android:name="com.itsanubhav.bletester.MainActivity"
54-->src\main\AndroidManifest.xml:34:13-41
55            android:exported="false" />
55-->src\main\AndroidManifest.xml:35:13-37
56
57        <uses-library
57-->[blazelibrary-release.aar] AndroidManifest.xml:15:9-17:40
58            android:name="org.apache.http.legacy"
58-->[blazelibrary-release.aar] AndroidManifest.xml:16:13-50
59            android:required="false" />
59-->[blazelibrary-release.aar] AndroidManifest.xml:17:13-37
60        <uses-library
60-->[androidx.window:window:1.0.0] AndroidManifest.xml:25:9-27:40
61            android:name="androidx.window.extensions"
61-->[androidx.window:window:1.0.0] AndroidManifest.xml:26:13-54
62            android:required="false" />
62-->[androidx.window:window:1.0.0] AndroidManifest.xml:27:13-37
63        <uses-library
63-->[androidx.window:window:1.0.0] AndroidManifest.xml:28:9-30:40
64            android:name="androidx.window.sidecar"
64-->[androidx.window:window:1.0.0] AndroidManifest.xml:29:13-51
65            android:required="false" />
65-->[androidx.window:window:1.0.0] AndroidManifest.xml:30:13-37
66
67        <provider
67-->[androidx.work:work-runtime:2.7.1] AndroidManifest.xml:31:9-39:20
68            android:name="androidx.startup.InitializationProvider"
68-->[androidx.work:work-runtime:2.7.1] AndroidManifest.xml:32:13-67
69            android:authorities="com.itsanubhav.bletester.androidx-startup"
69-->[androidx.work:work-runtime:2.7.1] AndroidManifest.xml:33:13-68
70            android:exported="false" >
70-->[androidx.work:work-runtime:2.7.1] AndroidManifest.xml:34:13-37
71            <meta-data
71-->[androidx.work:work-runtime:2.7.1] AndroidManifest.xml:36:13-38:52
72                android:name="androidx.work.WorkManagerInitializer"
72-->[androidx.work:work-runtime:2.7.1] AndroidManifest.xml:37:17-68
73                android:value="androidx.startup" />
73-->[androidx.work:work-runtime:2.7.1] AndroidManifest.xml:38:17-49
74            <meta-data
74-->[androidx.emoji2:emoji2:1.0.0] AndroidManifest.xml:31:13-33:52
75                android:name="androidx.emoji2.text.EmojiCompatInitializer"
75-->[androidx.emoji2:emoji2:1.0.0] AndroidManifest.xml:32:17-75
76                android:value="androidx.startup" />
76-->[androidx.emoji2:emoji2:1.0.0] AndroidManifest.xml:33:17-49
77            <meta-data
77-->[androidx.lifecycle:lifecycle-process:2.4.0] AndroidManifest.xml:31:13-33:52
78                android:name="androidx.lifecycle.ProcessLifecycleInitializer"
78-->[androidx.lifecycle:lifecycle-process:2.4.0] AndroidManifest.xml:32:17-78
79                android:value="androidx.startup" />
79-->[androidx.lifecycle:lifecycle-process:2.4.0] AndroidManifest.xml:33:17-49
80        </provider>
81
82        <service
82-->[androidx.work:work-runtime:2.7.1] AndroidManifest.xml:41:9-46:35
83            android:name="androidx.work.impl.background.systemalarm.SystemAlarmService"
83-->[androidx.work:work-runtime:2.7.1] AndroidManifest.xml:42:13-88
84            android:directBootAware="false"
84-->[androidx.work:work-runtime:2.7.1] AndroidManifest.xml:43:13-44
85            android:enabled="@bool/enable_system_alarm_service_default"
85-->[androidx.work:work-runtime:2.7.1] AndroidManifest.xml:44:13-72
86            android:exported="false" />
86-->[androidx.work:work-runtime:2.7.1] AndroidManifest.xml:45:13-37
87        <service
87-->[androidx.work:work-runtime:2.7.1] AndroidManifest.xml:47:9-53:35
88            android:name="androidx.work.impl.background.systemjob.SystemJobService"
88-->[androidx.work:work-runtime:2.7.1] AndroidManifest.xml:48:13-84
89            android:directBootAware="false"
89-->[androidx.work:work-runtime:2.7.1] AndroidManifest.xml:49:13-44
90            android:enabled="@bool/enable_system_job_service_default"
90-->[androidx.work:work-runtime:2.7.1] AndroidManifest.xml:50:13-70
91            android:exported="true"
91-->[androidx.work:work-runtime:2.7.1] AndroidManifest.xml:51:13-36
92            android:permission="android.permission.BIND_JOB_SERVICE" />
92-->[androidx.work:work-runtime:2.7.1] AndroidManifest.xml:52:13-69
93        <service
93-->[androidx.work:work-runtime:2.7.1] AndroidManifest.xml:54:9-59:35
94            android:name="androidx.work.impl.foreground.SystemForegroundService"
94-->[androidx.work:work-runtime:2.7.1] AndroidManifest.xml:55:13-81
95            android:directBootAware="false"
95-->[androidx.work:work-runtime:2.7.1] AndroidManifest.xml:56:13-44
96            android:enabled="@bool/enable_system_foreground_service_default"
96-->[androidx.work:work-runtime:2.7.1] AndroidManifest.xml:57:13-77
97            android:exported="false" />
97-->[androidx.work:work-runtime:2.7.1] AndroidManifest.xml:58:13-37
98
99        <receiver
99-->[androidx.work:work-runtime:2.7.1] AndroidManifest.xml:61:9-66:35
100            android:name="androidx.work.impl.utils.ForceStopRunnable$BroadcastReceiver"
100-->[androidx.work:work-runtime:2.7.1] AndroidManifest.xml:62:13-88
101            android:directBootAware="false"
101-->[androidx.work:work-runtime:2.7.1] AndroidManifest.xml:63:13-44
102            android:enabled="true"
102-->[androidx.work:work-runtime:2.7.1] AndroidManifest.xml:64:13-35
103            android:exported="false" />
103-->[androidx.work:work-runtime:2.7.1] AndroidManifest.xml:65:13-37
104        <receiver
104-->[androidx.work:work-runtime:2.7.1] AndroidManifest.xml:67:9-77:20
105            android:name="androidx.work.impl.background.systemalarm.ConstraintProxy$BatteryChargingProxy"
105-->[androidx.work:work-runtime:2.7.1] AndroidManifest.xml:68:13-106
106            android:directBootAware="false"
106-->[androidx.work:work-runtime:2.7.1] AndroidManifest.xml:69:13-44
107            android:enabled="false"
107-->[androidx.work:work-runtime:2.7.1] AndroidManifest.xml:70:13-36
108            android:exported="false" >
108-->[androidx.work:work-runtime:2.7.1] AndroidManifest.xml:71:13-37
109            <intent-filter>
109-->[androidx.work:work-runtime:2.7.1] AndroidManifest.xml:73:13-76:29
110                <action android:name="android.intent.action.ACTION_POWER_CONNECTED" />
110-->[androidx.work:work-runtime:2.7.1] AndroidManifest.xml:74:17-87
110-->[androidx.work:work-runtime:2.7.1] AndroidManifest.xml:74:25-84
111                <action android:name="android.intent.action.ACTION_POWER_DISCONNECTED" />
111-->[androidx.work:work-runtime:2.7.1] AndroidManifest.xml:75:17-90
111-->[androidx.work:work-runtime:2.7.1] AndroidManifest.xml:75:25-87
112            </intent-filter>
113        </receiver>
114        <receiver
114-->[androidx.work:work-runtime:2.7.1] AndroidManifest.xml:78:9-88:20
115            android:name="androidx.work.impl.background.systemalarm.ConstraintProxy$BatteryNotLowProxy"
115-->[androidx.work:work-runtime:2.7.1] AndroidManifest.xml:79:13-104
116            android:directBootAware="false"
116-->[androidx.work:work-runtime:2.7.1] AndroidManifest.xml:80:13-44
117            android:enabled="false"
117-->[androidx.work:work-runtime:2.7.1] AndroidManifest.xml:81:13-36
118            android:exported="false" >
118-->[androidx.work:work-runtime:2.7.1] AndroidManifest.xml:82:13-37
119            <intent-filter>
119-->[androidx.work:work-runtime:2.7.1] AndroidManifest.xml:84:13-87:29
120                <action android:name="android.intent.action.BATTERY_OKAY" />
120-->[androidx.work:work-runtime:2.7.1] AndroidManifest.xml:85:17-77
120-->[androidx.work:work-runtime:2.7.1] AndroidManifest.xml:85:25-74
121                <action android:name="android.intent.action.BATTERY_LOW" />
121-->[androidx.work:work-runtime:2.7.1] AndroidManifest.xml:86:17-76
121-->[androidx.work:work-runtime:2.7.1] AndroidManifest.xml:86:25-73
122            </intent-filter>
123        </receiver>
124        <receiver
124-->[androidx.work:work-runtime:2.7.1] AndroidManifest.xml:89:9-99:20
125            android:name="androidx.work.impl.background.systemalarm.ConstraintProxy$StorageNotLowProxy"
125-->[androidx.work:work-runtime:2.7.1] AndroidManifest.xml:90:13-104
126            android:directBootAware="false"
126-->[androidx.work:work-runtime:2.7.1] AndroidManifest.xml:91:13-44
127            android:enabled="false"
127-->[androidx.work:work-runtime:2.7.1] AndroidManifest.xml:92:13-36
128            android:exported="false" >
128-->[androidx.work:work-runtime:2.7.1] AndroidManifest.xml:93:13-37
129            <intent-filter>
129-->[androidx.work:work-runtime:2.7.1] AndroidManifest.xml:95:13-98:29
130                <action android:name="android.intent.action.DEVICE_STORAGE_LOW" />
130-->[androidx.work:work-runtime:2.7.1] AndroidManifest.xml:96:17-83
130-->[androidx.work:work-runtime:2.7.1] AndroidManifest.xml:96:25-80
131                <action android:name="android.intent.action.DEVICE_STORAGE_OK" />
131-->[androidx.work:work-runtime:2.7.1] AndroidManifest.xml:97:17-82
131-->[androidx.work:work-runtime:2.7.1] AndroidManifest.xml:97:25-79
132            </intent-filter>
133        </receiver>
134        <receiver
134-->[androidx.work:work-runtime:2.7.1] AndroidManifest.xml:100:9-109:20
135            android:name="androidx.work.impl.background.systemalarm.ConstraintProxy$NetworkStateProxy"
135-->[androidx.work:work-runtime:2.7.1] AndroidManifest.xml:101:13-103
136            android:directBootAware="false"
136-->[androidx.work:work-runtime:2.7.1] AndroidManifest.xml:102:13-44
137            android:enabled="false"
137-->[androidx.work:work-runtime:2.7.1] AndroidManifest.xml:103:13-36
138            android:exported="false" >
138-->[androidx.work:work-runtime:2.7.1] AndroidManifest.xml:104:13-37
139            <intent-filter>
139-->[androidx.work:work-runtime:2.7.1] AndroidManifest.xml:106:13-108:29
140                <action android:name="android.net.conn.CONNECTIVITY_CHANGE" />
140-->[androidx.work:work-runtime:2.7.1] AndroidManifest.xml:107:17-79
140-->[androidx.work:work-runtime:2.7.1] AndroidManifest.xml:107:25-76
141            </intent-filter>
142        </receiver>
143        <receiver
143-->[androidx.work:work-runtime:2.7.1] AndroidManifest.xml:110:9-121:20
144            android:name="androidx.work.impl.background.systemalarm.RescheduleReceiver"
144-->[androidx.work:work-runtime:2.7.1] AndroidManifest.xml:111:13-88
145            android:directBootAware="false"
145-->[androidx.work:work-runtime:2.7.1] AndroidManifest.xml:112:13-44
146            android:enabled="false"
146-->[androidx.work:work-runtime:2.7.1] AndroidManifest.xml:113:13-36
147            android:exported="false" >
147-->[androidx.work:work-runtime:2.7.1] AndroidManifest.xml:114:13-37
148            <intent-filter>
148-->[androidx.work:work-runtime:2.7.1] AndroidManifest.xml:116:13-120:29
149                <action android:name="android.intent.action.BOOT_COMPLETED" />
149-->[androidx.work:work-runtime:2.7.1] AndroidManifest.xml:117:17-79
149-->[androidx.work:work-runtime:2.7.1] AndroidManifest.xml:117:25-76
150                <action android:name="android.intent.action.TIME_SET" />
150-->[androidx.work:work-runtime:2.7.1] AndroidManifest.xml:118:17-73
150-->[androidx.work:work-runtime:2.7.1] AndroidManifest.xml:118:25-70
151                <action android:name="android.intent.action.TIMEZONE_CHANGED" />
151-->[androidx.work:work-runtime:2.7.1] AndroidManifest.xml:119:17-81
151-->[androidx.work:work-runtime:2.7.1] AndroidManifest.xml:119:25-78
152            </intent-filter>
153        </receiver>
154        <receiver
154-->[androidx.work:work-runtime:2.7.1] AndroidManifest.xml:122:9-131:20
155            android:name="androidx.work.impl.background.systemalarm.ConstraintProxyUpdateReceiver"
155-->[androidx.work:work-runtime:2.7.1] AndroidManifest.xml:123:13-99
156            android:directBootAware="false"
156-->[androidx.work:work-runtime:2.7.1] AndroidManifest.xml:124:13-44
157            android:enabled="@bool/enable_system_alarm_service_default"
157-->[androidx.work:work-runtime:2.7.1] AndroidManifest.xml:125:13-72
158            android:exported="false" >
158-->[androidx.work:work-runtime:2.7.1] AndroidManifest.xml:126:13-37
159            <intent-filter>
159-->[androidx.work:work-runtime:2.7.1] AndroidManifest.xml:128:13-130:29
160                <action android:name="androidx.work.impl.background.systemalarm.UpdateProxies" />
160-->[androidx.work:work-runtime:2.7.1] AndroidManifest.xml:129:17-98
160-->[androidx.work:work-runtime:2.7.1] AndroidManifest.xml:129:25-95
161            </intent-filter>
162        </receiver>
163        <receiver
163-->[androidx.work:work-runtime:2.7.1] AndroidManifest.xml:132:9-142:20
164            android:name="androidx.work.impl.diagnostics.DiagnosticsReceiver"
164-->[androidx.work:work-runtime:2.7.1] AndroidManifest.xml:133:13-78
165            android:directBootAware="false"
165-->[androidx.work:work-runtime:2.7.1] AndroidManifest.xml:134:13-44
166            android:enabled="true"
166-->[androidx.work:work-runtime:2.7.1] AndroidManifest.xml:135:13-35
167            android:exported="true"
167-->[androidx.work:work-runtime:2.7.1] AndroidManifest.xml:136:13-36
168            android:permission="android.permission.DUMP" >
168-->[androidx.work:work-runtime:2.7.1] AndroidManifest.xml:137:13-57
169            <intent-filter>
169-->[androidx.work:work-runtime:2.7.1] AndroidManifest.xml:139:13-141:29
170                <action android:name="androidx.work.diagnostics.REQUEST_DIAGNOSTICS" />
170-->[androidx.work:work-runtime:2.7.1] AndroidManifest.xml:140:17-88
170-->[androidx.work:work-runtime:2.7.1] AndroidManifest.xml:140:25-85
171            </intent-filter>
172        </receiver>
173
174        <service
174-->[androidx.room:room-runtime:2.5.0-alpha02] AndroidManifest.xml:25:9-29:63
175            android:name="androidx.room.MultiInstanceInvalidationService"
175-->[androidx.room:room-runtime:2.5.0-alpha02] AndroidManifest.xml:26:13-74
176            android:directBootAware="true"
176-->[androidx.room:room-runtime:2.5.0-alpha02] AndroidManifest.xml:27:13-43
177            android:exported="false" />
177-->[androidx.room:room-runtime:2.5.0-alpha02] AndroidManifest.xml:28:13-37
178        <!--
179		Service used to scan in background to emulate scanning with
180		PendingIntent on Android 4.3 - 7.x. Service will scan in background with given
181		settings and filters.
182        -->
183        <service
183-->[no.nordicsemi.android.support.v18:scanner:1.6.0] AndroidManifest.xml:41:9-43:40
184            android:name="no.nordicsemi.android.support.v18.scanner.ScannerService"
184-->[no.nordicsemi.android.support.v18:scanner:1.6.0] AndroidManifest.xml:42:13-84
185            android:exported="false" />
185-->[no.nordicsemi.android.support.v18:scanner:1.6.0] AndroidManifest.xml:43:13-37
186        <!--
187		The receiver used to scan with PendingIntent on Android 8+.
188		It will translate results from android.bluetooth.le package to
189		no.nordicsemi.android.support.v18, apply filters or perform batching,
190		depending on the settings.
191        -->
192        <receiver
192-->[no.nordicsemi.android.support.v18:scanner:1.6.0] AndroidManifest.xml:51:9-58:20
193            android:name="no.nordicsemi.android.support.v18.scanner.PendingIntentReceiver"
193-->[no.nordicsemi.android.support.v18:scanner:1.6.0] AndroidManifest.xml:52:13-91
194            android:exported="true" >
194-->[no.nordicsemi.android.support.v18:scanner:1.6.0] AndroidManifest.xml:53:13-36
195            <intent-filter>
195-->[no.nordicsemi.android.support.v18:scanner:1.6.0] AndroidManifest.xml:55:13-57:29
196                <action android:name="no.nordicsemi.android.support.v18.ACTION_FOUND" />
196-->[no.nordicsemi.android.support.v18:scanner:1.6.0] AndroidManifest.xml:56:17-89
196-->[no.nordicsemi.android.support.v18:scanner:1.6.0] AndroidManifest.xml:56:25-86
197            </intent-filter>
198        </receiver>
199    </application>
200
201</manifest>